<?xml version="1.0" encoding="UTF-8"?>
<testng-results total="4" passed="3" failed="1" skipped="0">
  <reporter-output>
  </reporter-output>
  <suite started-at="2021-05-15T18:28:21Z" name="Suite" finished-at="2021-05-15T18:28:41Z" duration-ms="19202">
    <groups>
    </groups>
    <test started-at="2021-05-15T18:28:21Z" name="App test" finished-at="2021-05-15T18:28:21Z" duration-ms="11">
    </test> <!-- App test -->
    <test started-at="2021-05-15T18:28:21Z" name="Validating Title" finished-at="2021-05-15T18:28:34Z" duration-ms="13021">
      <class name="Academy.E2EProject.ValidateTitle">
        <test-method is-config="true" signature="initialize()[pri:0, instance:Academy.E2EProject.ValidateTitle@47db5fa5]" started-at="2021-05-15T23:58:21Z" name="initialize" finished-at="2021-05-15T23:58:34Z" duration-ms="12116" status="PASS">
          <reporter-output>
          </reporter-output>
        </test-method> <!-- initialize -->
        <test-method signature="validateTitle()[pri:0, instance:Academy.E2EProject.ValidateTitle@47db5fa5]" started-at="2021-05-15T23:58:34Z" name="validateTitle" finished-at="2021-05-15T23:58:34Z" duration-ms="80" status="FAIL">
          <exception class="java.lang.AssertionError">
            <message>
              <![CDATA[expected [FEATURED COURSE] but found [FEATURED COURSES]]]>
            </message>
            <full-stacktrace>
              <![CDATA[java.lang.AssertionError: expected [FEATURED COURSE] but found [FEATURED COURSES]
	at org.testng.Assert.fail(Assert.java:94)
	at org.testng.Assert.failNotEquals(Assert.java:494)
	at org.testng.Assert.assertEquals(Assert.java:123)
	at org.testng.Assert.assertEquals(Assert.java:176)
	at org.testng.Assert.assertEquals(Assert.java:186)
	at Academy.E2EProject.ValidateTitle.validateTitle(ValidateTitle.java:35)
	at java.base/jdk.internal.reflect.NativeMethodAccessorImpl.invoke0(Native Method)
	at java.base/jdk.internal.reflect.NativeMethodAccessorImpl.invoke(NativeMethodAccessorImpl.java:78)
	at java.base/jdk.internal.reflect.DelegatingMethodAccessorImpl.invoke(DelegatingMethodAccessorImpl.java:43)
	at java.base/java.lang.reflect.Method.invoke(Method.java:567)
	at org.testng.internal.MethodInvocationHelper.invokeMethod(MethodInvocationHelper.java:80)
	at org.testng.internal.Invoker.invokeMethod(Invoker.java:714)
	at org.testng.internal.Invoker.invokeTestMethod(Invoker.java:901)
	at org.testng.internal.Invoker.invokeTestMethods(Invoker.java:1231)
	at org.testng.internal.TestMethodWorker.invokeTestMethods(TestMethodWorker.java:127)
	at org.testng.internal.TestMethodWorker.run(TestMethodWorker.java:111)
	at org.testng.TestRunner.privateRun(TestRunner.java:767)
	at org.testng.TestRunner.run(TestRunner.java:617)
	at org.testng.SuiteRunner.runTest(SuiteRunner.java:334)
	at org.testng.SuiteRunner.access$000(SuiteRunner.java:37)
	at org.testng.SuiteRunner$SuiteWorker.run(SuiteRunner.java:368)
	at org.testng.internal.thread.ThreadUtil$2.call(ThreadUtil.java:64)
	at java.base/java.util.concurrent.FutureTask.run(FutureTask.java:264)
	at java.base/java.util.concurrent.ThreadPoolExecutor.runWorker(ThreadPoolExecutor.java:1130)
	at java.base/java.util.concurrent.ThreadPoolExecutor$Worker.run(ThreadPoolExecutor.java:630)
	at java.base/java.lang.Thread.run(Thread.java:831)
]]>
            </full-stacktrace>
          </exception> <!-- java.lang.AssertionError -->
          <reporter-output>
          </reporter-output>
        </test-method> <!-- validateTitle -->
        <test-method is-config="true" signature="tearDown()[pri:0, instance:Academy.E2EProject.ValidateTitle@47db5fa5]" started-at="2021-05-15T23:58:34Z" name="tearDown" finished-at="2021-05-15T23:58:34Z" duration-ms="361" status="PASS">
          <reporter-output>
          </reporter-output>
        </test-method> <!-- tearDown -->
      </class> <!-- Academy.E2EProject.ValidateTitle -->
    </test> <!-- Validating Title -->
    <test started-at="2021-05-15T18:28:21Z" name="Validating Navigation Bar" finished-at="2021-05-15T18:28:35Z" duration-ms="13425">
      <class name="Academy.E2EProject.ValidateNavigationBar">
        <test-method is-config="true" signature="initialize()[pri:0, instance:Academy.E2EProject.ValidateNavigationBar@75c9e76b]" started-at="2021-05-15T23:58:21Z" name="initialize" finished-at="2021-05-15T23:58:34Z" duration-ms="12668" status="PASS">
          <reporter-output>
          </reporter-output>
        </test-method> <!-- initialize -->
        <test-method signature="validateNavigationBar()[pri:0, instance:Academy.E2EProject.ValidateNavigationBar@75c9e76b]" started-at="2021-05-15T23:58:34Z" name="validateNavigationBar" finished-at="2021-05-15T23:58:34Z" duration-ms="145" status="PASS">
          <reporter-output>
          </reporter-output>
        </test-method> <!-- validateNavigationBar -->
        <test-method is-config="true" signature="tearDown()[pri:0, instance:Academy.E2EProject.ValidateNavigationBar@75c9e76b]" started-at="2021-05-15T23:58:34Z" name="tearDown" finished-at="2021-05-15T23:58:35Z" duration-ms="602" status="PASS">
          <reporter-output>
          </reporter-output>
        </test-method> <!-- tearDown -->
      </class> <!-- Academy.E2EProject.ValidateNavigationBar -->
    </test> <!-- Validating Navigation Bar -->
    <test started-at="2021-05-15T18:28:21Z" name="Validating home page" finished-at="2021-05-15T18:28:41Z" duration-ms="19202">
      <class name="Academy.E2EProject.HomePage">
        <test-method is-config="true" signature="initialize()[pri:0, instance:Academy.E2EProject.HomePage@57eda880]" started-at="2021-05-15T23:58:21Z" name="initialize" finished-at="2021-05-15T23:58:24Z" duration-ms="2595" status="PASS">
          <reporter-output>
          </reporter-output>
        </test-method> <!-- initialize -->
        <test-method signature="basePageNavigation(java.lang.String, java.lang.String, java.lang.String)[pri:0, instance:Academy.E2EProject.HomePage@57eda880]" started-at="2021-05-15T23:58:24Z" name="basePageNavigation" data-provider="getData" finished-at="2021-05-15T23:58:35Z" duration-ms="11095" status="PASS">
          <params>
            <param index="0">
              <value>
                <![CDATA[palpallabi89@gmail.com]]>
              </value>
            </param>
            <param index="1">
              <value>
                <![CDATA[123456]]>
              </value>
            </param>
            <param index="2">
              <value>
                <![CDATA[Restricted User]]>
              </value>
            </param>
          </params>
          <reporter-output>
          </reporter-output>
        </test-method> <!-- basePageNavigation -->
        <test-method signature="basePageNavigation(java.lang.String, java.lang.String, java.lang.String)[pri:0, instance:Academy.E2EProject.HomePage@57eda880]" started-at="2021-05-15T23:58:35Z" name="basePageNavigation" data-provider="getData" finished-at="2021-05-15T23:58:41Z" duration-ms="5369" status="PASS">
          <params>
            <param index="0">
              <value>
                <![CDATA[pallabi.cse@gmail.com]]>
              </value>
            </param>
            <param index="1">
              <value>
                <![CDATA[23456]]>
              </value>
            </param>
            <param index="2">
              <value>
                <![CDATA[UnRestriceted User]]>
              </value>
            </param>
          </params>
          <reporter-output>
          </reporter-output>
        </test-method> <!-- basePageNavigation -->
        <test-method is-config="true" signature="tearDown()[pri:0, instance:Academy.E2EProject.HomePage@57eda880]" started-at="2021-05-15T23:58:41Z" name="tearDown" finished-at="2021-05-15T23:58:41Z" duration-ms="122" status="PASS">
          <reporter-output>
          </reporter-output>
        </test-method> <!-- tearDown -->
      </class> <!-- Academy.E2EProject.HomePage -->
    </test> <!-- Validating home page -->
  </suite> <!-- Suite -->
</testng-results>
